INFO:root:Prepared
Let's Start the GAME !!

INFO:root:--------------MAIN PLAYER: Gundam Exia | WIND: 東 | Turn:1 --------------
INFO:root:宝牌: ['三索']
Player Gundam Exia's River is []
Player Gundam Dynames's River is []
Player Gundam Kyrios's River is []
Player Gundam Virtue's River is []
----------------------------------------------------
Main Player :Gundam Exia
Min Pai :[]
Player's Hand: ['二萬', '二萬', '二萬', '四萬', '四萬', '四萬', '二筒', '三索', '三索', '三索', '五索', '五索', '五索', '東']
----------------------------------------------------
Player Gundam Dynames's Hand is SECRET
Player Gundam Dynames's Min Pai is []
Player Gundam Kyrios's Hand is SECRET
Player Gundam Kyrios's Min Pai is []
Player Gundam Virtue's Hand is SECRET
Player Gundam Virtue's Min Pai is []

INFO:root:Player Gundam Exia cut 二萬

INFO:root:--------------MAIN PLAYER: Gundam Dynames | WIND: 南 | Turn:2 --------------
INFO:root:宝牌: ['三索']
Player Gundam Exia's River is ['二萬']
Player Gundam Dynames's River is []
Player Gundam Kyrios's River is []
Player Gundam Virtue's River is []
Player Gundam Exia's Hand is SECRET
Player Gundam Exia's Min Pai is []
----------------------------------------------------
Main Player :Gundam Dynames
Min Pai :[]
Player's Hand: ['二萬', '二萬', '二萬', '四萬', '四萬', '四萬', '二筒', '三索', '三索', '三索', '五索', '五索', '五索', '發']
----------------------------------------------------
Player Gundam Kyrios's Hand is SECRET
Player Gundam Kyrios's Min Pai is []
Player Gundam Virtue's Hand is SECRET
Player Gundam Virtue's Min Pai is []

INFO:root:Player Gundam Dynames cut 二筒

INFO:root:###############################################################################################
Player Gundam Virtue Win!!
Scores: 57000
役:  四暗刻 人和
['二萬', '二萬', '二萬', '四萬', '四萬', '四萬', '二筒', '三索', '三索', '三索', '五索', '五索', '五索', '二筒']
################################################################################################
WINNER is Gundam Virtue

＼(・ω・＼)Gundam Virtue!(/・ω・)/恭喜你!

INFO:root:FINISH GAME
